<?xml version="1.0" encoding="UTF-8"?>
<!-- Generated by org.testng.reporters.JUnitXMLReporter -->
<testsuite hostname="RSI1562" ignored="0" name="Default test" tests="2" failures="0" timestamp="16 jan 2020 20:21:44 GMT" time="34.814" errors="0">
  <testcase name="deveEncontrarProduto" time="5.392" classname="br.com.rsinet.HUB_TDD.TestCases.EncontraProdutoTestNG"/>
  <testcase name="naoDeveEncontrarProduto" time="5.835" classname="br.com.rsinet.HUB_TDD.TestCases.EncontraProdutoTestNG"/>
</testsuite> <!-- Default test -->
