<?xml version="1.0" encoding="UTF-8"?>
<!-- Generated by org.testng.reporters.JUnitXMLReporter -->
<testsuite hostname="RSI1562" ignored="0" name="Default test" tests="2" failures="0" timestamp="16 jan 2020 12:23:44 GMT" time="37.999" errors="0">
  <testcase name="deveCadastrarUsuario" time="7.838" classname="br.com.rsinet.HUB_TDD.TestCases.CadastroClienteTestNG"/>
  <testcase name="deveRecusarUserNameDuplicado" time="6.95" classname="br.com.rsinet.HUB_TDD.TestCases.CadastroClienteTestNG"/>
</testsuite> <!-- Default test -->
