<?xml version="1.0" encoding="UTF-8"?>
<!-- Generated by org.testng.reporters.JUnitXMLReporter -->
<testsuite hostname="RSI1562" ignored="0" name="Test" tests="6" failures="1" timestamp="16 jan 2020 20:26:30 GMT" time="109.978" errors="0">
  <testcase name="deveCadastrarUsuario" time="16.011" classname="br.com.rsinet.HUB_TDD.TestCases.CadastroClienteTestNG">
    <failure type="org.openqa.selenium.TimeoutException" message="Expected condition failed: waiting for visibility of element located by By.xpath: //*[@id=&amp;quot;menuUserLink&amp;quot;]/span (tried for 10 second(s) with 1000 milliseconds interval)
Build info: version: &amp;apos;3.141.59&amp;apos;, revision: &amp;apos;e82be7d358&amp;apos;, time: &amp;apos;2018-11-14T08:17:03&amp;apos;
System info: host: &amp;apos;RSI1562&amp;apos;, ip: &amp;apos;10.1.0.98&amp;apos;, os.name: &amp;apos;Windows 10&amp;apos;, os.arch: &amp;apos;amd64&amp;apos;, os.version: &amp;apos;10.0&amp;apos;, java.version: &amp;apos;1.8.0_231&amp;apos;
Driver info: driver.version: unknown">
      <![CDATA[org.openqa.selenium.TimeoutException: Expected condition failed: waiting for visibility of element located by By.xpath: //*[@id="menuUserLink"]/span (tried for 10 second(s) with 1000 milliseconds interval)
Build info: version: '3.141.59', revision: 'e82be7d358', time: '2018-11-14T08:17:03'
System info: host: 'RSI1562', ip: '10.1.0.98', os.name: 'Windows 10', os.arch: 'amd64', os.version: '10.0', java.version: '1.8.0_231'
Driver info: driver.version: unknown
	at org.openqa.selenium.support.ui.FluentWait.timeoutException(FluentWait.java:304)
	at org.openqa.selenium.support.ui.FluentWait.until(FluentWait.java:272)
	at br.com.rsinet.HUB_TDD.PageObjects.HomePage.usuarioLogado(HomePage.java:31)
	at br.com.rsinet.HUB_TDD.TestCases.CadastroClienteTestNG.deveCadastrarUsuario(CadastroClienteTestNG.java:53)
... Removed 25 stack frames]]>
    </failure>
  </testcase> <!-- deveCadastrarUsuario -->
  <testcase name="deveRecusarUserNameDuplicado" time="7.049" classname="br.com.rsinet.HUB_TDD.TestCases.CadastroClienteTestNG"/>
  <testcase name="deveEncontrarProduto" time="5.552" classname="br.com.rsinet.HUB_TDD.TestCases.EncontraProdutoTestNG"/>
  <testcase name="naoDeveEncontrarProduto" time="5.866" classname="br.com.rsinet.HUB_TDD.TestCases.EncontraProdutoTestNG"/>
  <testcase name="deveInformarProdutoInexistente" time="3.197" classname="br.com.rsinet.HUB_TDD.TestCases.PesquisaProdutoTestNG"/>
  <testcase name="devePesquisarProduto" time="5.026" classname="br.com.rsinet.HUB_TDD.TestCases.PesquisaProdutoTestNG"/>
</testsuite> <!-- Test -->
