<?xml version="1.0" encoding="UTF-8"?>
<testng-results skipped="0" failed="0" ignored="1" total="2" passed="1">
  <reporter-output>
  </reporter-output>
  <suite name="Default suite" duration-ms="20018" started-at="2020-01-28T16:41:59Z" finished-at="2020-01-28T16:42:19Z">
    <groups>
    </groups>
    <test name="Default test" duration-ms="20018" started-at="2020-01-28T16:41:59Z" finished-at="2020-01-28T16:42:19Z">
      <class name="br.com.rsinet.HUB_TDD.TestCases.PesquisaProdutoTestNG">
        <test-method status="PASS" signature="Setup()[pri:0, instance:br.com.rsinet.HUB_TDD.TestCases.PesquisaProdutoTestNG@4b9e13df]" name="Setup" is-config="true" duration-ms="13034" started-at="2020-01-28T13:41:59Z" finished-at="2020-01-28T13:42:12Z">
          <reporter-output>
          </reporter-output>
        </test-method> <!-- Setup -->
        <test-method status="PASS" signature="devePesquisarProduto()[pri:0, instance:br.com.rsinet.HUB_TDD.TestCases.PesquisaProdutoTestNG@4b9e13df]" name="devePesquisarProduto" duration-ms="6267" started-at="2020-01-28T13:42:12Z" finished-at="2020-01-28T13:42:19Z">
          <reporter-output>
          </reporter-output>
        </test-method> <!-- devePesquisarProduto -->
        <test-method status="PASS" signature="tearDown()[pri:0, instance:br.com.rsinet.HUB_TDD.TestCases.PesquisaProdutoTestNG@4b9e13df]" name="tearDown" is-config="true" duration-ms="686" started-at="2020-01-28T13:42:19Z" finished-at="2020-01-28T13:42:19Z">
          <reporter-output>
          </reporter-output>
        </test-method> <!-- tearDown -->
      </class> <!-- br.com.rsinet.HUB_TDD.TestCases.PesquisaProdutoTestNG -->
    </test> <!-- Default test -->
  </suite> <!-- Default suite -->
</testng-results>
